{"/home/savant/Documents/JS_Projects/domefirst/src/mocks.js": {"path":"/home/savant/Documents/JS_Projects/domefirst/src/mocks.js","statementMap":{"0":{"start":{"line":3,"column":4},"end":{"line":3,"column":20}},"1":{"start":{"line":5,"column":25},"end":{"line":5,"column":48}},"2":{"start":{"line":6,"column":18},"end":{"line":6,"column":33}},"3":{"start":{"line":7,"column":13},"end":{"line":7,"column":28}},"4":{"start":{"line":8,"column":21},"end":{"line":8,"column":43}}},"fnMap":{"0":{"name":"(anonymous_0)","decl":{"start":{"line":2,"column":2},"end":{"line":2,"column":3}},"loc":{"start":{"line":2,"column":16},"end":{"line":4,"column":3}},"line":2},"1":{"name":"(anonymous_1)","decl":{"start":{"line":5,"column":2},"end":{"line":5,"column":3}},"loc":{"start":{"line":5,"column":23},"end":{"line":5,"column":50}},"line":5},"2":{"name":"(anonymous_2)","decl":{"start":{"line":6,"column":2},"end":{"line":6,"column":3}},"loc":{"start":{"line":6,"column":16},"end":{"line":6,"column":35}},"line":6},"3":{"name":"(anonymous_3)","decl":{"start":{"line":7,"column":2},"end":{"line":7,"column":3}},"loc":{"start":{"line":7,"column":11},"end":{"line":7,"column":30}},"line":7},"4":{"name":"(anonymous_4)","decl":{"start":{"line":8,"column":2},"end":{"line":8,"column":3}},"loc":{"start":{"line":8,"column":19},"end":{"line":8,"column":44}},"line":8}},"branchMap":{},"s":{"0":1,"1":2,"2":0,"3":3,"4":0},"f":{"0":1,"1":2,"2":0,"3":3,"4":0},"b":{},"_coverageSchema":"1a1c01bbd47fc00a2c39e90264f33305004495a9","hash":"1ff86f110e186bec3eee091bc53d665e77a5f085"}
,"/home/savant/Documents/JS_Projects/domefirst/src/components/dom-elements.js": {"path":"/home/savant/Documents/JS_Projects/domefirst/src/components/dom-elements.js","statementMap":{"0":{"start":{"line":1,"column":24},"end":{"line":1,"column":61}},"1":{"start":{"line":2,"column":26},"end":{"line":2,"column":70}},"2":{"start":{"line":3,"column":20},"end":{"line":3,"column":59}},"3":{"start":{"line":4,"column":22},"end":{"line":4,"column":63}},"4":{"start":{"line":5,"column":18},"end":{"line":5,"column":50}},"5":{"start":{"line":6,"column":17},"end":{"line":6,"column":55}},"6":{"start":{"line":7,"column":16},"end":{"line":7,"column":51}},"7":{"start":{"line":8,"column":17},"end":{"line":8,"column":48}},"8":{"start":{"line":9,"column":19},"end":{"line":9,"column":57}},"9":{"start":{"line":10,"column":17},"end":{"line":10,"column":49}},"10":{"start":{"line":11,"column":0},"end":{"line":11,"column":41}},"11":{"start":{"line":12,"column":0},"end":{"line":12,"column":40}},"12":{"start":{"line":13,"column":0},"end":{"line":13,"column":42}},"13":{"start":{"line":14,"column":0},"end":{"line":14,"column":112}},"14":{"start":{"line":15,"column":21},"end":{"line":15,"column":61}},"15":{"start":{"line":16,"column":13},"end":{"line":16,"column":44}},"16":{"start":{"line":17,"column":22},"end":{"line":17,"column":66}},"17":{"start":{"line":20,"column":12},"end":{"line":20,"column":14}},"18":{"start":{"line":21,"column":15},"end":{"line":21,"column":17}},"19":{"start":{"line":22,"column":14},"end":{"line":22,"column":16}},"20":{"start":{"line":23,"column":17},"end":{"line":23,"column":19}},"21":{"start":{"line":27,"column":15},"end":{"line":27,"column":17}},"22":{"start":{"line":32,"column":19},"end":{"line":32,"column":50}},"23":{"start":{"line":33,"column":0},"end":{"line":33,"column":66}},"24":{"start":{"line":34,"column":19},"end":{"line":34,"column":55}},"25":{"start":{"line":35,"column":0},"end":{"line":35,"column":34}},"26":{"start":{"line":36,"column":16},"end":{"line":36,"column":47}},"27":{"start":{"line":37,"column":0},"end":{"line":37,"column":60}},"28":{"start":{"line":38,"column":0},"end":{"line":38,"column":32}},"29":{"start":{"line":39,"column":14},"end":{"line":39,"column":42}},"30":{"start":{"line":40,"column":0},"end":{"line":40,"column":43}},"31":{"start":{"line":41,"column":0},"end":{"line":41,"column":27}},"32":{"start":{"line":42,"column":19},"end":{"line":42,"column":66}},"33":{"start":{"line":43,"column":0},"end":{"line":48,"column":3}},"34":{"start":{"line":44,"column":17},"end":{"line":44,"column":45}},"35":{"start":{"line":45,"column":2},"end":{"line":45,"column":45}},"36":{"start":{"line":46,"column":2},"end":{"line":46,"column":31}},"37":{"start":{"line":47,"column":2},"end":{"line":47,"column":28}},"38":{"start":{"line":49,"column":16},"end":{"line":49,"column":47}},"39":{"start":{"line":50,"column":0},"end":{"line":50,"column":45}},"40":{"start":{"line":51,"column":0},"end":{"line":51,"column":32}}},"fnMap":{"0":{"name":"(anonymous_0)","decl":{"start":{"line":43,"column":19},"end":{"line":43,"column":20}},"loc":{"start":{"line":43,"column":32},"end":{"line":48,"column":1}},"line":43}},"branchMap":{},"s":{"0":4,"1":4,"2":4,"3":4,"4":4,"5":4,"6":4,"7":4,"8":4,"9":4,"10":4,"11":4,"12":4,"13":4,"14":4,"15":4,"16":4,"17":4,"18":4,"19":4,"20":4,"21":4,"22":4,"23":4,"24":4,"25":4,"26":4,"27":4,"28":4,"29":4,"30":4,"31":4,"32":4,"33":4,"34":16,"35":16,"36":16,"37":16,"38":4,"39":4,"40":4},"f":{"0":16},"b":{},"_coverageSchema":"1a1c01bbd47fc00a2c39e90264f33305004495a9","hash":"801178a3572cbe695b724bea908238c6820e0314"}
,"/home/savant/Documents/JS_Projects/domefirst/src/components/local-storage.js": {"path":"/home/savant/Documents/JS_Projects/domefirst/src/components/local-storage.js","statementMap":{"0":{"start":{"line":3,"column":14},"end":{"line":75,"column":4}},"1":{"start":{"line":4,"column":27},"end":{"line":11,"column":3}},"2":{"start":{"line":5,"column":4},"end":{"line":9,"column":5}},"3":{"start":{"line":6,"column":6},"end":{"line":6,"column":22}},"4":{"start":{"line":8,"column":6},"end":{"line":8,"column":66}},"5":{"start":{"line":10,"column":4},"end":{"line":10,"column":22}},"6":{"start":{"line":13,"column":30},"end":{"line":20,"column":3}},"7":{"start":{"line":14,"column":4},"end":{"line":18,"column":5}},"8":{"start":{"line":15,"column":6},"end":{"line":15,"column":25}},"9":{"start":{"line":17,"column":6},"end":{"line":17,"column":72}},"10":{"start":{"line":19,"column":4},"end":{"line":19,"column":25}},"11":{"start":{"line":22,"column":25},"end":{"line":27,"column":3}},"12":{"start":{"line":23,"column":4},"end":{"line":23,"column":42}},"13":{"start":{"line":24,"column":4},"end":{"line":24,"column":26}},"14":{"start":{"line":26,"column":4},"end":{"line":26,"column":67}},"15":{"start":{"line":29,"column":28},"end":{"line":33,"column":3}},"16":{"start":{"line":30,"column":4},"end":{"line":30,"column":48}},"17":{"start":{"line":31,"column":4},"end":{"line":31,"column":32}},"18":{"start":{"line":32,"column":4},"end":{"line":32,"column":73}},"19":{"start":{"line":35,"column":30},"end":{"line":43,"column":3}},"20":{"start":{"line":36,"column":4},"end":{"line":36,"column":42}},"21":{"start":{"line":37,"column":4},"end":{"line":41,"column":7}},"22":{"start":{"line":38,"column":6},"end":{"line":40,"column":7}},"23":{"start":{"line":39,"column":8},"end":{"line":39,"column":55}},"24":{"start":{"line":42,"column":4},"end":{"line":42,"column":67}},"25":{"start":{"line":45,"column":33},"end":{"line":53,"column":3}},"26":{"start":{"line":46,"column":4},"end":{"line":46,"column":48}},"27":{"start":{"line":47,"column":4},"end":{"line":51,"column":7}},"28":{"start":{"line":48,"column":6},"end":{"line":50,"column":7}},"29":{"start":{"line":49,"column":8},"end":{"line":49,"column":39}},"30":{"start":{"line":52,"column":4},"end":{"line":52,"column":73}},"31":{"start":{"line":55,"column":28},"end":{"line":64,"column":3}},"32":{"start":{"line":56,"column":4},"end":{"line":56,"column":42}},"33":{"start":{"line":57,"column":4},"end":{"line":61,"column":7}},"34":{"start":{"line":58,"column":6},"end":{"line":60,"column":7}},"35":{"start":{"line":59,"column":8},"end":{"line":59,"column":45}},"36":{"start":{"line":63,"column":4},"end":{"line":63,"column":67}},"37":{"start":{"line":66,"column":2},"end":{"line":74,"column":4}}},"fnMap":{"0":{"name":"(anonymous_0)","decl":{"start":{"line":3,"column":15},"end":{"line":3,"column":16}},"loc":{"start":{"line":3,"column":21},"end":{"line":75,"column":1}},"line":3},"1":{"name":"(anonymous_1)","decl":{"start":{"line":4,"column":27},"end":{"line":4,"column":28}},"loc":{"start":{"line":4,"column":33},"end":{"line":11,"column":3}},"line":4},"2":{"name":"(anonymous_2)","decl":{"start":{"line":13,"column":30},"end":{"line":13,"column":31}},"loc":{"start":{"line":13,"column":36},"end":{"line":20,"column":3}},"line":13},"3":{"name":"(anonymous_3)","decl":{"start":{"line":22,"column":25},"end":{"line":22,"column":26}},"loc":{"start":{"line":22,"column":35},"end":{"line":27,"column":3}},"line":22},"4":{"name":"(anonymous_4)","decl":{"start":{"line":29,"column":28},"end":{"line":29,"column":29}},"loc":{"start":{"line":29,"column":41},"end":{"line":33,"column":3}},"line":29},"5":{"name":"(anonymous_5)","decl":{"start":{"line":35,"column":30},"end":{"line":35,"column":31}},"loc":{"start":{"line":35,"column":41},"end":{"line":43,"column":3}},"line":35},"6":{"name":"(anonymous_6)","decl":{"start":{"line":37,"column":23},"end":{"line":37,"column":24}},"loc":{"start":{"line":37,"column":33},"end":{"line":41,"column":5}},"line":37},"7":{"name":"(anonymous_7)","decl":{"start":{"line":45,"column":33},"end":{"line":45,"column":34}},"loc":{"start":{"line":45,"column":44},"end":{"line":53,"column":3}},"line":45},"8":{"name":"(anonymous_8)","decl":{"start":{"line":47,"column":26},"end":{"line":47,"column":27}},"loc":{"start":{"line":47,"column":46},"end":{"line":51,"column":5}},"line":47},"9":{"name":"(anonymous_9)","decl":{"start":{"line":55,"column":28},"end":{"line":55,"column":29}},"loc":{"start":{"line":55,"column":50},"end":{"line":64,"column":3}},"line":55},"10":{"name":"(anonymous_10)","decl":{"start":{"line":57,"column":23},"end":{"line":57,"column":24}},"loc":{"start":{"line":57,"column":40},"end":{"line":61,"column":5}},"line":57}},"branchMap":{"0":{"loc":{"start":{"line":5,"column":4},"end":{"line":9,"column":5}},"type":"if","locations":[{"start":{"line":5,"column":4},"end":{"line":9,"column":5}},{"start":{"line":5,"column":4},"end":{"line":9,"column":5}}],"line":5},"1":{"loc":{"start":{"line":14,"column":4},"end":{"line":18,"column":5}},"type":"if","locations":[{"start":{"line":14,"column":4},"end":{"line":18,"column":5}},{"start":{"line":14,"column":4},"end":{"line":18,"column":5}}],"line":14},"2":{"loc":{"start":{"line":38,"column":6},"end":{"line":40,"column":7}},"type":"if","locations":[{"start":{"line":38,"column":6},"end":{"line":40,"column":7}},{"start":{"line":38,"column":6},"end":{"line":40,"column":7}}],"line":38},"3":{"loc":{"start":{"line":48,"column":6},"end":{"line":50,"column":7}},"type":"if","locations":[{"start":{"line":48,"column":6},"end":{"line":50,"column":7}},{"start":{"line":48,"column":6},"end":{"line":50,"column":7}}],"line":48},"4":{"loc":{"start":{"line":58,"column":6},"end":{"line":60,"column":7}},"type":"if","locations":[{"start":{"line":58,"column":6},"end":{"line":60,"column":7}},{"start":{"line":58,"column":6},"end":{"line":60,"column":7}}],"line":58}},"s":{"0":4,"1":4,"2":1,"3":1,"4":0,"5":1,"6":4,"7":1,"8":1,"9":0,"10":1,"11":4,"12":0,"13":0,"14":0,"15":4,"16":0,"17":0,"18":0,"19":4,"20":0,"21":0,"22":0,"23":0,"24":0,"25":4,"26":0,"27":0,"28":0,"29":0,"30":0,"31":4,"32":0,"33":0,"34":0,"35":0,"36":0,"37":4},"f":{"0":4,"1":1,"2":1,"3":0,"4":0,"5":0,"6":0,"7":0,"8":0,"9":0,"10":0},"b":{"0":[1,0],"1":[1,0],"2":[0,0],"3":[0,0],"4":[0,0]},"_coverageSchema":"1a1c01bbd47fc00a2c39e90264f33305004495a9","hash":"6e0d6bd4409984635fb36accca1f401be18cb1cb"}
,"/home/savant/Documents/JS_Projects/domefirst/src/components/populate-dom.js": {"path":"/home/savant/Documents/JS_Projects/domefirst/src/components/populate-dom.js","statementMap":{"0":{"start":{"line":4,"column":29},"end":{"line":37,"column":1}},"1":{"start":{"line":5,"column":2},"end":{"line":36,"column":3}},"2":{"start":{"line":6,"column":4},"end":{"line":35,"column":7}},"3":{"start":{"line":7,"column":6},"end":{"line":9,"column":7}},"4":{"start":{"line":8,"column":8},"end":{"line":8,"column":64}},"5":{"start":{"line":10,"column":6},"end":{"line":34,"column":9}},"6":{"start":{"line":11,"column":8},"end":{"line":33,"column":9}},"7":{"start":{"line":12,"column":26},"end":{"line":12,"column":54}},"8":{"start":{"line":13,"column":24},"end":{"line":13,"column":54}},"9":{"start":{"line":14,"column":10},"end":{"line":14,"column":80}},"10":{"start":{"line":15,"column":24},"end":{"line":15,"column":51}},"11":{"start":{"line":16,"column":10},"end":{"line":16,"column":80}},"12":{"start":{"line":17,"column":28},"end":{"line":17,"column":55}},"13":{"start":{"line":18,"column":10},"end":{"line":18,"column":73}},"14":{"start":{"line":19,"column":23},"end":{"line":19,"column":50}},"15":{"start":{"line":20,"column":10},"end":{"line":20,"column":67}},"16":{"start":{"line":21,"column":10},"end":{"line":21,"column":50}},"17":{"start":{"line":22,"column":10},"end":{"line":22,"column":47}},"18":{"start":{"line":23,"column":10},"end":{"line":23,"column":53}},"19":{"start":{"line":24,"column":10},"end":{"line":27,"column":12}},"20":{"start":{"line":28,"column":10},"end":{"line":28,"column":34}},"21":{"start":{"line":29,"column":10},"end":{"line":29,"column":35}},"22":{"start":{"line":30,"column":10},"end":{"line":30,"column":39}},"23":{"start":{"line":31,"column":10},"end":{"line":31,"column":37}},"24":{"start":{"line":32,"column":10},"end":{"line":32,"column":47}},"25":{"start":{"line":39,"column":20},"end":{"line":103,"column":1}},"26":{"start":{"line":40,"column":2},"end":{"line":68,"column":3}},"27":{"start":{"line":41,"column":4},"end":{"line":43,"column":5}},"28":{"start":{"line":42,"column":6},"end":{"line":42,"column":62}},"29":{"start":{"line":45,"column":4},"end":{"line":67,"column":7}},"30":{"start":{"line":46,"column":22},"end":{"line":46,"column":50}},"31":{"start":{"line":47,"column":20},"end":{"line":47,"column":50}},"32":{"start":{"line":48,"column":6},"end":{"line":48,"column":76}},"33":{"start":{"line":49,"column":20},"end":{"line":49,"column":47}},"34":{"start":{"line":50,"column":6},"end":{"line":50,"column":76}},"35":{"start":{"line":51,"column":24},"end":{"line":51,"column":51}},"36":{"start":{"line":52,"column":6},"end":{"line":52,"column":69}},"37":{"start":{"line":53,"column":19},"end":{"line":53,"column":46}},"38":{"start":{"line":54,"column":6},"end":{"line":54,"column":63}},"39":{"start":{"line":55,"column":6},"end":{"line":55,"column":46}},"40":{"start":{"line":56,"column":6},"end":{"line":56,"column":43}},"41":{"start":{"line":57,"column":6},"end":{"line":57,"column":49}},"42":{"start":{"line":58,"column":6},"end":{"line":61,"column":8}},"43":{"start":{"line":62,"column":6},"end":{"line":62,"column":30}},"44":{"start":{"line":63,"column":6},"end":{"line":63,"column":31}},"45":{"start":{"line":64,"column":6},"end":{"line":64,"column":35}},"46":{"start":{"line":65,"column":6},"end":{"line":65,"column":33}},"47":{"start":{"line":66,"column":6},"end":{"line":66,"column":43}},"48":{"start":{"line":69,"column":2},"end":{"line":73,"column":3}},"49":{"start":{"line":70,"column":4},"end":{"line":72,"column":5}},"50":{"start":{"line":71,"column":6},"end":{"line":71,"column":64}},"51":{"start":{"line":75,"column":2},"end":{"line":79,"column":3}},"52":{"start":{"line":76,"column":4},"end":{"line":78,"column":5}},"53":{"start":{"line":77,"column":6},"end":{"line":77,"column":60}},"54":{"start":{"line":81,"column":2},"end":{"line":100,"column":5}},"55":{"start":{"line":82,"column":4},"end":{"line":82,"column":49}},"56":{"start":{"line":83,"column":4},"end":{"line":83,"column":54}},"57":{"start":{"line":84,"column":4},"end":{"line":84,"column":52}},"58":{"start":{"line":85,"column":4},"end":{"line":88,"column":6}},"59":{"start":{"line":89,"column":4},"end":{"line":89,"column":56}},"60":{"start":{"line":90,"column":4},"end":{"line":90,"column":46}},"61":{"start":{"line":91,"column":4},"end":{"line":95,"column":5}},"62":{"start":{"line":92,"column":24},"end":{"line":92,"column":51}},"63":{"start":{"line":93,"column":6},"end":{"line":93,"column":69}},"64":{"start":{"line":94,"column":6},"end":{"line":94,"column":43}},"65":{"start":{"line":96,"column":4},"end":{"line":96,"column":47}},"66":{"start":{"line":97,"column":4},"end":{"line":97,"column":46}},"67":{"start":{"line":98,"column":4},"end":{"line":98,"column":49}},"68":{"start":{"line":99,"column":4},"end":{"line":99,"column":75}},"69":{"start":{"line":101,"column":2},"end":{"line":101,"column":25}},"70":{"start":{"line":102,"column":2},"end":{"line":102,"column":21}},"71":{"start":{"line":105,"column":18},"end":{"line":109,"column":1}},"72":{"start":{"line":106,"column":2},"end":{"line":106,"column":26}},"73":{"start":{"line":107,"column":2},"end":{"line":107,"column":25}},"74":{"start":{"line":108,"column":2},"end":{"line":108,"column":25}}},"fnMap":{"0":{"name":"(anonymous_0)","decl":{"start":{"line":4,"column":29},"end":{"line":4,"column":30}},"loc":{"start":{"line":4,"column":35},"end":{"line":37,"column":1}},"line":4},"1":{"name":"(anonymous_1)","decl":{"start":{"line":6,"column":45},"end":{"line":6,"column":46}},"loc":{"start":{"line":6,"column":52},"end":{"line":35,"column":5}},"line":6},"2":{"name":"(anonymous_2)","decl":{"start":{"line":10,"column":39},"end":{"line":10,"column":40}},"loc":{"start":{"line":10,"column":49},"end":{"line":34,"column":7}},"line":10},"3":{"name":"(anonymous_3)","decl":{"start":{"line":39,"column":20},"end":{"line":39,"column":21}},"loc":{"start":{"line":39,"column":26},"end":{"line":103,"column":1}},"line":39},"4":{"name":"(anonymous_4)","decl":{"start":{"line":45,"column":49},"end":{"line":45,"column":50}},"loc":{"start":{"line":45,"column":59},"end":{"line":67,"column":5}},"line":45},"5":{"name":"(anonymous_5)","decl":{"start":{"line":81,"column":50},"end":{"line":81,"column":51}},"loc":{"start":{"line":81,"column":63},"end":{"line":100,"column":3}},"line":81},"6":{"name":"(anonymous_6)","decl":{"start":{"line":105,"column":18},"end":{"line":105,"column":19}},"loc":{"start":{"line":105,"column":24},"end":{"line":109,"column":1}},"line":105}},"branchMap":{"0":{"loc":{"start":{"line":5,"column":2},"end":{"line":36,"column":3}},"type":"if","locations":[{"start":{"line":5,"column":2},"end":{"line":36,"column":3}},{"start":{"line":5,"column":2},"end":{"line":36,"column":3}}],"line":5},"1":{"loc":{"start":{"line":11,"column":8},"end":{"line":33,"column":9}},"type":"if","locations":[{"start":{"line":11,"column":8},"end":{"line":33,"column":9}},{"start":{"line":11,"column":8},"end":{"line":33,"column":9}}],"line":11},"2":{"loc":{"start":{"line":40,"column":2},"end":{"line":68,"column":3}},"type":"if","locations":[{"start":{"line":40,"column":2},"end":{"line":68,"column":3}},{"start":{"line":40,"column":2},"end":{"line":68,"column":3}}],"line":40},"3":{"loc":{"start":{"line":69,"column":2},"end":{"line":73,"column":3}},"type":"if","locations":[{"start":{"line":69,"column":2},"end":{"line":73,"column":3}},{"start":{"line":69,"column":2},"end":{"line":73,"column":3}}],"line":69},"4":{"loc":{"start":{"line":75,"column":2},"end":{"line":79,"column":3}},"type":"if","locations":[{"start":{"line":75,"column":2},"end":{"line":79,"column":3}},{"start":{"line":75,"column":2},"end":{"line":79,"column":3}}],"line":75},"5":{"loc":{"start":{"line":91,"column":4},"end":{"line":95,"column":5}},"type":"if","locations":[{"start":{"line":91,"column":4},"end":{"line":95,"column":5}},{"start":{"line":91,"column":4},"end":{"line":95,"column":5}}],"line":91}},"s":{"0":3,"1":1,"2":0,"3":0,"4":0,"5":0,"6":0,"7":0,"8":0,"9":0,"10":0,"11":0,"12":0,"13":0,"14":0,"15":0,"16":0,"17":0,"18":0,"19":0,"20":0,"21":0,"22":0,"23":0,"24":0,"25":3,"26":1,"27":0,"28":0,"29":0,"30":0,"31":0,"32":0,"33":0,"34":0,"35":0,"36":0,"37":0,"38":0,"39":0,"40":0,"41":0,"42":0,"43":0,"44":0,"45":0,"46":0,"47":0,"48":1,"49":0,"50":0,"51":1,"52":0,"53":0,"54":1,"55":0,"56":0,"57":0,"58":0,"59":0,"60":0,"61":0,"62":0,"63":0,"64":0,"65":0,"66":0,"67":0,"68":0,"69":1,"70":1,"71":3,"72":0,"73":0,"74":0},"f":{"0":1,"1":0,"2":0,"3":1,"4":0,"5":0,"6":0},"b":{"0":[0,1],"1":[0,0],"2":[0,1],"3":[0,1],"4":[0,1],"5":[0,0]},"_coverageSchema":"1a1c01bbd47fc00a2c39e90264f33305004495a9","hash":"ccf3bb5c52ebc20448ebe625e48864a01a297e6c"}
,"/home/savant/Documents/JS_Projects/domefirst/src/components/project-logic.js": {"path":"/home/savant/Documents/JS_Projects/domefirst/src/components/project-logic.js","statementMap":{"0":{"start":{"line":7,"column":4},"end":{"line":7,"column":23}},"1":{"start":{"line":11,"column":29},"end":{"line":26,"column":1}},"2":{"start":{"line":12,"column":2},"end":{"line":25,"column":3}},"3":{"start":{"line":13,"column":29},"end":{"line":13,"column":56}},"4":{"start":{"line":14,"column":4},"end":{"line":14,"column":39}},"5":{"start":{"line":16,"column":4},"end":{"line":16,"column":46}},"6":{"start":{"line":17,"column":23},"end":{"line":17,"column":55}},"7":{"start":{"line":18,"column":4},"end":{"line":18,"column":59}},"8":{"start":{"line":19,"column":4},"end":{"line":19,"column":65}},"9":{"start":{"line":20,"column":4},"end":{"line":20,"column":45}},"10":{"start":{"line":21,"column":4},"end":{"line":23,"column":29}},"11":{"start":{"line":24,"column":4},"end":{"line":24,"column":18}},"12":{"start":{"line":28,"column":20},"end":{"line":63,"column":1}},"13":{"start":{"line":29,"column":25},"end":{"line":29,"column":65}},"14":{"start":{"line":30,"column":2},"end":{"line":62,"column":5}},"15":{"start":{"line":31,"column":4},"end":{"line":61,"column":5}},"16":{"start":{"line":32,"column":20},"end":{"line":32,"column":49}},"17":{"start":{"line":33,"column":6},"end":{"line":33,"column":56}},"18":{"start":{"line":34,"column":6},"end":{"line":34,"column":40}},"19":{"start":{"line":35,"column":6},"end":{"line":38,"column":8}},"20":{"start":{"line":39,"column":6},"end":{"line":39,"column":36}},"21":{"start":{"line":40,"column":6},"end":{"line":40,"column":72}},"22":{"start":{"line":40,"column":23},"end":{"line":40,"column":64}},"23":{"start":{"line":41,"column":11},"end":{"line":61,"column":5}},"24":{"start":{"line":44,"column":27},"end":{"line":44,"column":69}},"25":{"start":{"line":46,"column":20},"end":{"line":46,"column":49}},"26":{"start":{"line":47,"column":6},"end":{"line":47,"column":92}},"27":{"start":{"line":48,"column":6},"end":{"line":48,"column":40}},"28":{"start":{"line":49,"column":6},"end":{"line":52,"column":8}},"29":{"start":{"line":53,"column":6},"end":{"line":53,"column":36}},"30":{"start":{"line":54,"column":6},"end":{"line":54,"column":72}},"31":{"start":{"line":54,"column":23},"end":{"line":54,"column":64}},"32":{"start":{"line":56,"column":27},"end":{"line":56,"column":64}},"33":{"start":{"line":57,"column":6},"end":{"line":57,"column":37}},"34":{"start":{"line":58,"column":6},"end":{"line":58,"column":44}},"35":{"start":{"line":59,"column":6},"end":{"line":59,"column":20}},"36":{"start":{"line":60,"column":6},"end":{"line":60,"column":29}},"37":{"start":{"line":65,"column":22},"end":{"line":83,"column":1}},"38":{"start":{"line":66,"column":2},"end":{"line":82,"column":5}},"39":{"start":{"line":67,"column":4},"end":{"line":81,"column":5}},"40":{"start":{"line":68,"column":6},"end":{"line":68,"column":71}},"41":{"start":{"line":69,"column":6},"end":{"line":74,"column":9}},"42":{"start":{"line":70,"column":8},"end":{"line":73,"column":9}},"43":{"start":{"line":71,"column":10},"end":{"line":71,"column":79}},"44":{"start":{"line":72,"column":10},"end":{"line":72,"column":52}},"45":{"start":{"line":75,"column":6},"end":{"line":75,"column":38}},"46":{"start":{"line":76,"column":6},"end":{"line":80,"column":9}},"47":{"start":{"line":77,"column":8},"end":{"line":79,"column":9}},"48":{"start":{"line":78,"column":10},"end":{"line":78,"column":26}}},"fnMap":{"0":{"name":"(anonymous_0)","decl":{"start":{"line":6,"column":2},"end":{"line":6,"column":3}},"loc":{"start":{"line":6,"column":21},"end":{"line":8,"column":3}},"line":6},"1":{"name":"(anonymous_1)","decl":{"start":{"line":11,"column":29},"end":{"line":11,"column":30}},"loc":{"start":{"line":11,"column":35},"end":{"line":26,"column":1}},"line":11},"2":{"name":"(anonymous_2)","decl":{"start":{"line":28,"column":20},"end":{"line":28,"column":21}},"loc":{"start":{"line":28,"column":26},"end":{"line":63,"column":1}},"line":28},"3":{"name":"(anonymous_3)","decl":{"start":{"line":30,"column":49},"end":{"line":30,"column":50}},"loc":{"start":{"line":30,"column":55},"end":{"line":62,"column":3}},"line":30},"4":{"name":"(anonymous_4)","decl":{"start":{"line":40,"column":17},"end":{"line":40,"column":18}},"loc":{"start":{"line":40,"column":23},"end":{"line":40,"column":64}},"line":40},"5":{"name":"(anonymous_5)","decl":{"start":{"line":44,"column":14},"end":{"line":44,"column":15}},"loc":{"start":{"line":44,"column":27},"end":{"line":44,"column":69}},"line":44},"6":{"name":"(anonymous_6)","decl":{"start":{"line":54,"column":17},"end":{"line":54,"column":18}},"loc":{"start":{"line":54,"column":23},"end":{"line":54,"column":64}},"line":54},"7":{"name":"(anonymous_7)","decl":{"start":{"line":65,"column":22},"end":{"line":65,"column":23}},"loc":{"start":{"line":65,"column":28},"end":{"line":83,"column":1}},"line":65},"8":{"name":"(anonymous_8)","decl":{"start":{"line":66,"column":43},"end":{"line":66,"column":44}},"loc":{"start":{"line":66,"column":50},"end":{"line":82,"column":3}},"line":66},"9":{"name":"(anonymous_9)","decl":{"start":{"line":69,"column":39},"end":{"line":69,"column":40}},"loc":{"start":{"line":69,"column":49},"end":{"line":74,"column":7}},"line":69},"10":{"name":"(anonymous_10)","decl":{"start":{"line":76,"column":42},"end":{"line":76,"column":43}},"loc":{"start":{"line":76,"column":54},"end":{"line":80,"column":7}},"line":76}},"branchMap":{"0":{"loc":{"start":{"line":12,"column":2},"end":{"line":25,"column":3}},"type":"if","locations":[{"start":{"line":12,"column":2},"end":{"line":25,"column":3}},{"start":{"line":12,"column":2},"end":{"line":25,"column":3}}],"line":12},"1":{"loc":{"start":{"line":31,"column":4},"end":{"line":61,"column":5}},"type":"if","locations":[{"start":{"line":31,"column":4},"end":{"line":61,"column":5}},{"start":{"line":31,"column":4},"end":{"line":61,"column":5}}],"line":31},"2":{"loc":{"start":{"line":41,"column":11},"end":{"line":61,"column":5}},"type":"if","locations":[{"start":{"line":41,"column":11},"end":{"line":61,"column":5}},{"start":{"line":41,"column":11},"end":{"line":61,"column":5}}],"line":41},"3":{"loc":{"start":{"line":67,"column":4},"end":{"line":81,"column":5}},"type":"if","locations":[{"start":{"line":67,"column":4},"end":{"line":81,"column":5}},{"start":{"line":67,"column":4},"end":{"line":81,"column":5}}],"line":67},"4":{"loc":{"start":{"line":70,"column":8},"end":{"line":73,"column":9}},"type":"if","locations":[{"start":{"line":70,"column":8},"end":{"line":73,"column":9}},{"start":{"line":70,"column":8},"end":{"line":73,"column":9}}],"line":70},"5":{"loc":{"start":{"line":77,"column":8},"end":{"line":79,"column":9}},"type":"if","locations":[{"start":{"line":77,"column":8},"end":{"line":79,"column":9}},{"start":{"line":77,"column":8},"end":{"line":79,"column":9}}],"line":77}},"s":{"0":2,"1":2,"2":0,"3":0,"4":0,"5":0,"6":0,"7":0,"8":0,"9":0,"10":0,"11":0,"12":2,"13":0,"14":0,"15":0,"16":0,"17":0,"18":0,"19":0,"20":0,"21":0,"22":0,"23":0,"24":0,"25":0,"26":0,"27":0,"28":0,"29":0,"30":0,"31":0,"32":0,"33":0,"34":0,"35":0,"36":0,"37":2,"38":0,"39":0,"40":0,"41":0,"42":0,"43":0,"44":0,"45":0,"46":0,"47":0,"48":0},"f":{"0":2,"1":0,"2":0,"3":0,"4":0,"5":0,"6":0,"7":0,"8":0,"9":0,"10":0},"b":{"0":[0,0],"1":[0,0],"2":[0,0],"3":[0,0],"4":[0,0],"5":[0,0]},"_coverageSchema":"1a1c01bbd47fc00a2c39e90264f33305004495a9","hash":"5c176710f9d17ddfaf15c6ed32d82f3ab03fe220"}
,"/home/savant/Documents/JS_Projects/domefirst/src/components/todo-logic.js": {"path":"/home/savant/Documents/JS_Projects/domefirst/src/components/todo-logic.js","statementMap":{"0":{"start":{"line":6,"column":24},"end":{"line":13,"column":1}},"1":{"start":{"line":7,"column":2},"end":{"line":11,"column":3}},"2":{"start":{"line":8,"column":4},"end":{"line":10,"column":7}},"3":{"start":{"line":9,"column":6},"end":{"line":9,"column":65}},"4":{"start":{"line":12,"column":2},"end":{"line":12,"column":21}},"5":{"start":{"line":15,"column":0},"end":{"line":15,"column":18}},"6":{"start":{"line":17,"column":24},"end":{"line":24,"column":1}},"7":{"start":{"line":18,"column":2},"end":{"line":22,"column":3}},"8":{"start":{"line":19,"column":4},"end":{"line":21,"column":7}},"9":{"start":{"line":20,"column":6},"end":{"line":20,"column":77}},"10":{"start":{"line":23,"column":2},"end":{"line":23,"column":21}},"11":{"start":{"line":26,"column":0},"end":{"line":26,"column":18}},"12":{"start":{"line":28,"column":0},"end":{"line":28,"column":25}},"13":{"start":{"line":32,"column":4},"end":{"line":32,"column":17}},"14":{"start":{"line":33,"column":4},"end":{"line":33,"column":31}},"15":{"start":{"line":34,"column":4},"end":{"line":34,"column":35}},"16":{"start":{"line":35,"column":4},"end":{"line":35,"column":29}},"17":{"start":{"line":36,"column":4},"end":{"line":36,"column":27}},"18":{"start":{"line":40,"column":24},"end":{"line":83,"column":1}},"19":{"start":{"line":41,"column":2},"end":{"line":82,"column":3}},"20":{"start":{"line":42,"column":4},"end":{"line":81,"column":7}},"21":{"start":{"line":43,"column":22},"end":{"line":43,"column":50}},"22":{"start":{"line":44,"column":6},"end":{"line":44,"column":73}},"23":{"start":{"line":45,"column":6},"end":{"line":80,"column":7}},"24":{"start":{"line":46,"column":10},"end":{"line":46,"column":51}},"25":{"start":{"line":47,"column":10},"end":{"line":68,"column":13}},"26":{"start":{"line":48,"column":12},"end":{"line":67,"column":13}},"27":{"start":{"line":51,"column":28},"end":{"line":56,"column":15}},"28":{"start":{"line":57,"column":14},"end":{"line":66,"column":17}},"29":{"start":{"line":58,"column":34},"end":{"line":58,"column":62}},"30":{"start":{"line":59,"column":16},"end":{"line":62,"column":18}},"31":{"start":{"line":63,"column":16},"end":{"line":63,"column":45}},"32":{"start":{"line":64,"column":16},"end":{"line":64,"column":47}},"33":{"start":{"line":65,"column":16},"end":{"line":65,"column":48}},"34":{"start":{"line":70,"column":10},"end":{"line":70,"column":48}},"35":{"start":{"line":71,"column":10},"end":{"line":71,"column":70}},"36":{"start":{"line":72,"column":15},"end":{"line":80,"column":7}},"37":{"start":{"line":73,"column":10},"end":{"line":73,"column":47}},"38":{"start":{"line":75,"column":10},"end":{"line":77,"column":11}},"39":{"start":{"line":76,"column":12},"end":{"line":76,"column":57}},"40":{"start":{"line":79,"column":10},"end":{"line":79,"column":72}},"41":{"start":{"line":85,"column":17},"end":{"line":132,"column":1}},"42":{"start":{"line":86,"column":2},"end":{"line":131,"column":5}},"43":{"start":{"line":87,"column":23},"end":{"line":87,"column":62}},"44":{"start":{"line":88,"column":4},"end":{"line":130,"column":7}},"45":{"start":{"line":89,"column":6},"end":{"line":129,"column":7}},"46":{"start":{"line":90,"column":8},"end":{"line":90,"column":79}},"47":{"start":{"line":91,"column":8},"end":{"line":91,"column":48}},"48":{"start":{"line":92,"column":8},"end":{"line":92,"column":45}},"49":{"start":{"line":94,"column":8},"end":{"line":94,"column":64}},"50":{"start":{"line":95,"column":8},"end":{"line":95,"column":44}},"51":{"start":{"line":96,"column":8},"end":{"line":97,"column":29}},"52":{"start":{"line":99,"column":18},"end":{"line":99,"column":66}},"53":{"start":{"line":101,"column":8},"end":{"line":107,"column":9}},"54":{"start":{"line":102,"column":10},"end":{"line":102,"column":46}},"55":{"start":{"line":103,"column":10},"end":{"line":103,"column":47}},"56":{"start":{"line":104,"column":10},"end":{"line":104,"column":44}},"57":{"start":{"line":105,"column":10},"end":{"line":105,"column":41}},"58":{"start":{"line":106,"column":10},"end":{"line":106,"column":43}},"59":{"start":{"line":108,"column":8},"end":{"line":128,"column":11}},"60":{"start":{"line":109,"column":10},"end":{"line":109,"column":29}},"61":{"start":{"line":110,"column":27},"end":{"line":116,"column":11}},"62":{"start":{"line":117,"column":10},"end":{"line":117,"column":50}},"63":{"start":{"line":118,"column":10},"end":{"line":118,"column":24}},"64":{"start":{"line":119,"column":10},"end":{"line":119,"column":45}},"65":{"start":{"line":120,"column":10},"end":{"line":120,"column":48}},"66":{"start":{"line":121,"column":10},"end":{"line":122,"column":33}},"67":{"start":{"line":124,"column":10},"end":{"line":125,"column":20}},"68":{"start":{"line":126,"column":10},"end":{"line":126,"column":51}},"69":{"start":{"line":127,"column":10},"end":{"line":127,"column":22}},"70":{"start":{"line":134,"column":16},"end":{"line":176,"column":1}},"71":{"start":{"line":135,"column":2},"end":{"line":175,"column":5}},"72":{"start":{"line":136,"column":4},"end":{"line":136,"column":23}},"73":{"start":{"line":137,"column":4},"end":{"line":172,"column":5}},"74":{"start":{"line":140,"column":24},"end":{"line":140,"column":61}},"75":{"start":{"line":142,"column":20},"end":{"line":142,"column":49}},"76":{"start":{"line":143,"column":6},"end":{"line":143,"column":84}},"77":{"start":{"line":144,"column":6},"end":{"line":144,"column":40}},"78":{"start":{"line":145,"column":6},"end":{"line":148,"column":8}},"79":{"start":{"line":149,"column":6},"end":{"line":149,"column":58}},"80":{"start":{"line":150,"column":6},"end":{"line":150,"column":72}},"81":{"start":{"line":150,"column":23},"end":{"line":150,"column":64}},"82":{"start":{"line":151,"column":11},"end":{"line":172,"column":5}},"83":{"start":{"line":152,"column":20},"end":{"line":152,"column":49}},"84":{"start":{"line":153,"column":6},"end":{"line":153,"column":59}},"85":{"start":{"line":154,"column":6},"end":{"line":154,"column":40}},"86":{"start":{"line":155,"column":6},"end":{"line":158,"column":8}},"87":{"start":{"line":159,"column":6},"end":{"line":159,"column":58}},"88":{"start":{"line":160,"column":6},"end":{"line":160,"column":72}},"89":{"start":{"line":160,"column":23},"end":{"line":160,"column":64}},"90":{"start":{"line":162,"column":21},"end":{"line":168,"column":7}},"91":{"start":{"line":169,"column":6},"end":{"line":169,"column":28}},"92":{"start":{"line":170,"column":6},"end":{"line":170,"column":35}},"93":{"start":{"line":171,"column":6},"end":{"line":171,"column":20}},"94":{"start":{"line":173,"column":4},"end":{"line":173,"column":15}},"95":{"start":{"line":174,"column":4},"end":{"line":174,"column":16}},"96":{"start":{"line":178,"column":19},"end":{"line":187,"column":1}},"97":{"start":{"line":179,"column":2},"end":{"line":186,"column":5}},"98":{"start":{"line":180,"column":14},"end":{"line":180,"column":62}},"99":{"start":{"line":181,"column":14},"end":{"line":181,"column":22}},"100":{"start":{"line":182,"column":4},"end":{"line":185,"column":5}},"101":{"start":{"line":183,"column":6},"end":{"line":183,"column":35}},"102":{"start":{"line":184,"column":6},"end":{"line":184,"column":52}}},"fnMap":{"0":{"name":"(anonymous_0)","decl":{"start":{"line":6,"column":24},"end":{"line":6,"column":25}},"loc":{"start":{"line":6,"column":30},"end":{"line":13,"column":1}},"line":6},"1":{"name":"(anonymous_1)","decl":{"start":{"line":8,"column":42},"end":{"line":8,"column":43}},"loc":{"start":{"line":8,"column":48},"end":{"line":10,"column":5}},"line":8},"2":{"name":"(anonymous_2)","decl":{"start":{"line":17,"column":24},"end":{"line":17,"column":25}},"loc":{"start":{"line":17,"column":30},"end":{"line":24,"column":1}},"line":17},"3":{"name":"(anonymous_3)","decl":{"start":{"line":19,"column":48},"end":{"line":19,"column":49}},"loc":{"start":{"line":19,"column":54},"end":{"line":21,"column":5}},"line":19},"4":{"name":"(anonymous_4)","decl":{"start":{"line":31,"column":2},"end":{"line":31,"column":3}},"loc":{"start":{"line":31,"column":64},"end":{"line":37,"column":3}},"line":31},"5":{"name":"(anonymous_5)","decl":{"start":{"line":40,"column":24},"end":{"line":40,"column":25}},"loc":{"start":{"line":40,"column":30},"end":{"line":83,"column":1}},"line":40},"6":{"name":"(anonymous_6)","decl":{"start":{"line":42,"column":46},"end":{"line":42,"column":47}},"loc":{"start":{"line":42,"column":53},"end":{"line":81,"column":5}},"line":42},"7":{"name":"(anonymous_7)","decl":{"start":{"line":47,"column":43},"end":{"line":47,"column":44}},"loc":{"start":{"line":47,"column":53},"end":{"line":68,"column":11}},"line":47},"8":{"name":"(anonymous_8)","decl":{"start":{"line":57,"column":28},"end":{"line":57,"column":29}},"loc":{"start":{"line":57,"column":38},"end":{"line":66,"column":15}},"line":57},"9":{"name":"(anonymous_9)","decl":{"start":{"line":85,"column":17},"end":{"line":85,"column":18}},"loc":{"start":{"line":85,"column":23},"end":{"line":132,"column":1}},"line":85},"10":{"name":"(anonymous_10)","decl":{"start":{"line":86,"column":47},"end":{"line":86,"column":48}},"loc":{"start":{"line":86,"column":57},"end":{"line":131,"column":3}},"line":86},"11":{"name":"(anonymous_11)","decl":{"start":{"line":88,"column":41},"end":{"line":88,"column":42}},"loc":{"start":{"line":88,"column":48},"end":{"line":130,"column":5}},"line":88},"12":{"name":"(anonymous_12)","decl":{"start":{"line":108,"column":46},"end":{"line":108,"column":47}},"loc":{"start":{"line":108,"column":53},"end":{"line":128,"column":9}},"line":108},"13":{"name":"(anonymous_13)","decl":{"start":{"line":134,"column":16},"end":{"line":134,"column":17}},"loc":{"start":{"line":134,"column":22},"end":{"line":176,"column":1}},"line":134},"14":{"name":"(anonymous_14)","decl":{"start":{"line":135,"column":42},"end":{"line":135,"column":43}},"loc":{"start":{"line":135,"column":49},"end":{"line":175,"column":3}},"line":135},"15":{"name":"(anonymous_15)","decl":{"start":{"line":140,"column":14},"end":{"line":140,"column":15}},"loc":{"start":{"line":140,"column":24},"end":{"line":140,"column":61}},"line":140},"16":{"name":"(anonymous_16)","decl":{"start":{"line":150,"column":17},"end":{"line":150,"column":18}},"loc":{"start":{"line":150,"column":23},"end":{"line":150,"column":64}},"line":150},"17":{"name":"(anonymous_17)","decl":{"start":{"line":160,"column":17},"end":{"line":160,"column":18}},"loc":{"start":{"line":160,"column":23},"end":{"line":160,"column":64}},"line":160},"18":{"name":"(anonymous_18)","decl":{"start":{"line":178,"column":19},"end":{"line":178,"column":20}},"loc":{"start":{"line":178,"column":25},"end":{"line":187,"column":1}},"line":178},"19":{"name":"(anonymous_19)","decl":{"start":{"line":179,"column":44},"end":{"line":179,"column":45}},"loc":{"start":{"line":179,"column":51},"end":{"line":186,"column":3}},"line":179}},"branchMap":{"0":{"loc":{"start":{"line":7,"column":2},"end":{"line":11,"column":3}},"type":"if","locations":[{"start":{"line":7,"column":2},"end":{"line":11,"column":3}},{"start":{"line":7,"column":2},"end":{"line":11,"column":3}}],"line":7},"1":{"loc":{"start":{"line":18,"column":2},"end":{"line":22,"column":3}},"type":"if","locations":[{"start":{"line":18,"column":2},"end":{"line":22,"column":3}},{"start":{"line":18,"column":2},"end":{"line":22,"column":3}}],"line":18},"2":{"loc":{"start":{"line":41,"column":2},"end":{"line":82,"column":3}},"type":"if","locations":[{"start":{"line":41,"column":2},"end":{"line":82,"column":3}},{"start":{"line":41,"column":2},"end":{"line":82,"column":3}}],"line":41},"3":{"loc":{"start":{"line":45,"column":6},"end":{"line":80,"column":7}},"type":"if","locations":[{"start":{"line":45,"column":6},"end":{"line":80,"column":7}},{"start":{"line":45,"column":6},"end":{"line":80,"column":7}}],"line":45},"4":{"loc":{"start":{"line":48,"column":12},"end":{"line":67,"column":13}},"type":"if","locations":[{"start":{"line":48,"column":12},"end":{"line":67,"column":13}},{"start":{"line":48,"column":12},"end":{"line":67,"column":13}}],"line":48},"5":{"loc":{"start":{"line":72,"column":15},"end":{"line":80,"column":7}},"type":"if","locations":[{"start":{"line":72,"column":15},"end":{"line":80,"column":7}},{"start":{"line":72,"column":15},"end":{"line":80,"column":7}}],"line":72},"6":{"loc":{"start":{"line":89,"column":6},"end":{"line":129,"column":7}},"type":"if","locations":[{"start":{"line":89,"column":6},"end":{"line":129,"column":7}},{"start":{"line":89,"column":6},"end":{"line":129,"column":7}}],"line":89},"7":{"loc":{"start":{"line":101,"column":8},"end":{"line":107,"column":9}},"type":"if","locations":[{"start":{"line":101,"column":8},"end":{"line":107,"column":9}},{"start":{"line":101,"column":8},"end":{"line":107,"column":9}}],"line":101},"8":{"loc":{"start":{"line":137,"column":4},"end":{"line":172,"column":5}},"type":"if","locations":[{"start":{"line":137,"column":4},"end":{"line":172,"column":5}},{"start":{"line":137,"column":4},"end":{"line":172,"column":5}}],"line":137},"9":{"loc":{"start":{"line":151,"column":11},"end":{"line":172,"column":5}},"type":"if","locations":[{"start":{"line":151,"column":11},"end":{"line":172,"column":5}},{"start":{"line":151,"column":11},"end":{"line":172,"column":5}}],"line":151},"10":{"loc":{"start":{"line":151,"column":15},"end":{"line":151,"column":68}},"type":"binary-expr","locations":[{"start":{"line":151,"column":15},"end":{"line":151,"column":40}},{"start":{"line":151,"column":44},"end":{"line":151,"column":68}}],"line":151},"11":{"loc":{"start":{"line":182,"column":4},"end":{"line":185,"column":5}},"type":"if","locations":[{"start":{"line":182,"column":4},"end":{"line":185,"column":5}},{"start":{"line":182,"column":4},"end":{"line":185,"column":5}}],"line":182}},"s":{"0":1,"1":1,"2":0,"3":0,"4":1,"5":1,"6":1,"7":1,"8":0,"9":0,"10":1,"11":1,"12":1,"13":1,"14":1,"15":1,"16":1,"17":1,"18":1,"19":0,"20":0,"21":0,"22":0,"23":0,"24":0,"25":0,"26":0,"27":0,"28":0,"29":0,"30":0,"31":0,"32":0,"33":0,"34":0,"35":0,"36":0,"37":0,"38":0,"39":0,"40":0,"41":1,"42":0,"43":0,"44":0,"45":0,"46":0,"47":0,"48":0,"49":0,"50":0,"51":0,"52":0,"53":0,"54":0,"55":0,"56":0,"57":0,"58":0,"59":0,"60":0,"61":0,"62":0,"63":0,"64":0,"65":0,"66":0,"67":0,"68":0,"69":0,"70":1,"71":0,"72":0,"73":0,"74":0,"75":0,"76":0,"77":0,"78":0,"79":0,"80":0,"81":0,"82":0,"83":0,"84":0,"85":0,"86":0,"87":0,"88":0,"89":0,"90":0,"91":0,"92":0,"93":0,"94":0,"95":0,"96":1,"97":0,"98":0,"99":0,"100":0,"101":0,"102":0},"f":{"0":1,"1":0,"2":1,"3":0,"4":1,"5":0,"6":0,"7":0,"8":0,"9":0,"10":0,"11":0,"12":0,"13":0,"14":0,"15":0,"16":0,"17":0,"18":0,"19":0},"b":{"0":[0,1],"1":[0,1],"2":[0,0],"3":[0,0],"4":[0,0],"5":[0,0],"6":[0,0],"7":[0,0],"8":[0,0],"9":[0,0],"10":[0,0],"11":[0,0]},"_coverageSchema":"1a1c01bbd47fc00a2c39e90264f33305004495a9","hash":"cc9d9e6ee97c85e021377ef687d326ed4e634fca"}
}
