{"C:\\Users\\Admin\\Desktop\\Microverse projects\\JS\\domefirst\\src\\mocks.js": {"path":"C:\\Users\\Admin\\Desktop\\Microverse projects\\JS\\domefirst\\src\\mocks.js","statementMap":{"0":{"start":{"line":3,"column":4},"end":{"line":3,"column":20}},"1":{"start":{"line":5,"column":25},"end":{"line":5,"column":48}},"2":{"start":{"line":6,"column":18},"end":{"line":6,"column":33}},"3":{"start":{"line":7,"column":13},"end":{"line":7,"column":28}},"4":{"start":{"line":8,"column":21},"end":{"line":8,"column":43}}},"fnMap":{"0":{"name":"(anonymous_0)","decl":{"start":{"line":2,"column":2},"end":{"line":2,"column":3}},"loc":{"start":{"line":2,"column":16},"end":{"line":4,"column":3}},"line":2},"1":{"name":"(anonymous_1)","decl":{"start":{"line":5,"column":2},"end":{"line":5,"column":3}},"loc":{"start":{"line":5,"column":23},"end":{"line":5,"column":50}},"line":5},"2":{"name":"(anonymous_2)","decl":{"start":{"line":6,"column":2},"end":{"line":6,"column":3}},"loc":{"start":{"line":6,"column":16},"end":{"line":6,"column":35}},"line":6},"3":{"name":"(anonymous_3)","decl":{"start":{"line":7,"column":2},"end":{"line":7,"column":3}},"loc":{"start":{"line":7,"column":11},"end":{"line":7,"column":30}},"line":7},"4":{"name":"(anonymous_4)","decl":{"start":{"line":8,"column":2},"end":{"line":8,"column":3}},"loc":{"start":{"line":8,"column":19},"end":{"line":8,"column":44}},"line":8}},"branchMap":{},"s":{"0":1,"1":0,"2":0,"3":3,"4":0},"f":{"0":1,"1":0,"2":0,"3":3,"4":0},"b":{},"_coverageSchema":"1a1c01bbd47fc00a2c39e90264f33305004495a9","hash":"a2e5a954fc32d28be5e64226a10473c3d96efd10"}
,"C:\\Users\\Admin\\Desktop\\Microverse projects\\JS\\domefirst\\src\\components\\dom-elements.js": {"path":"C:\\Users\\Admin\\Desktop\\Microverse projects\\JS\\domefirst\\src\\components\\dom-elements.js","statementMap":{"0":{"start":{"line":1,"column":24},"end":{"line":1,"column":61}},"1":{"start":{"line":2,"column":26},"end":{"line":2,"column":70}},"2":{"start":{"line":3,"column":20},"end":{"line":3,"column":59}},"3":{"start":{"line":4,"column":22},"end":{"line":4,"column":63}},"4":{"start":{"line":5,"column":18},"end":{"line":5,"column":50}},"5":{"start":{"line":6,"column":17},"end":{"line":6,"column":55}},"6":{"start":{"line":7,"column":16},"end":{"line":7,"column":51}},"7":{"start":{"line":8,"column":17},"end":{"line":8,"column":48}},"8":{"start":{"line":9,"column":19},"end":{"line":9,"column":57}},"9":{"start":{"line":10,"column":17},"end":{"line":10,"column":49}},"10":{"start":{"line":11,"column":0},"end":{"line":11,"column":41}},"11":{"start":{"line":12,"column":0},"end":{"line":12,"column":40}},"12":{"start":{"line":13,"column":0},"end":{"line":13,"column":42}},"13":{"start":{"line":14,"column":0},"end":{"line":14,"column":112}},"14":{"start":{"line":15,"column":21},"end":{"line":15,"column":61}},"15":{"start":{"line":16,"column":13},"end":{"line":16,"column":44}},"16":{"start":{"line":17,"column":22},"end":{"line":17,"column":66}},"17":{"start":{"line":20,"column":12},"end":{"line":20,"column":14}},"18":{"start":{"line":21,"column":15},"end":{"line":21,"column":17}},"19":{"start":{"line":22,"column":14},"end":{"line":22,"column":16}},"20":{"start":{"line":23,"column":17},"end":{"line":23,"column":19}},"21":{"start":{"line":27,"column":15},"end":{"line":27,"column":17}},"22":{"start":{"line":32,"column":19},"end":{"line":32,"column":50}},"23":{"start":{"line":33,"column":0},"end":{"line":33,"column":66}},"24":{"start":{"line":34,"column":19},"end":{"line":34,"column":55}},"25":{"start":{"line":35,"column":0},"end":{"line":35,"column":34}},"26":{"start":{"line":36,"column":16},"end":{"line":36,"column":47}},"27":{"start":{"line":37,"column":0},"end":{"line":37,"column":60}},"28":{"start":{"line":38,"column":0},"end":{"line":38,"column":32}},"29":{"start":{"line":39,"column":14},"end":{"line":39,"column":42}},"30":{"start":{"line":40,"column":0},"end":{"line":40,"column":43}},"31":{"start":{"line":41,"column":0},"end":{"line":41,"column":27}},"32":{"start":{"line":42,"column":19},"end":{"line":42,"column":66}},"33":{"start":{"line":43,"column":0},"end":{"line":48,"column":3}},"34":{"start":{"line":44,"column":17},"end":{"line":44,"column":45}},"35":{"start":{"line":45,"column":2},"end":{"line":45,"column":45}},"36":{"start":{"line":46,"column":2},"end":{"line":46,"column":31}},"37":{"start":{"line":47,"column":2},"end":{"line":47,"column":28}},"38":{"start":{"line":49,"column":16},"end":{"line":49,"column":47}},"39":{"start":{"line":50,"column":0},"end":{"line":50,"column":45}},"40":{"start":{"line":51,"column":0},"end":{"line":51,"column":32}}},"fnMap":{"0":{"name":"(anonymous_0)","decl":{"start":{"line":43,"column":19},"end":{"line":43,"column":20}},"loc":{"start":{"line":43,"column":32},"end":{"line":48,"column":1}},"line":43}},"branchMap":{},"s":{"0":3,"1":3,"2":3,"3":3,"4":3,"5":3,"6":3,"7":3,"8":3,"9":3,"10":3,"11":3,"12":3,"13":3,"14":3,"15":3,"16":3,"17":3,"18":3,"19":3,"20":3,"21":3,"22":3,"23":3,"24":3,"25":3,"26":3,"27":3,"28":3,"29":3,"30":3,"31":3,"32":3,"33":3,"34":12,"35":12,"36":12,"37":12,"38":3,"39":3,"40":3},"f":{"0":12},"b":{},"_coverageSchema":"1a1c01bbd47fc00a2c39e90264f33305004495a9","hash":"f018cc544efaba1a3948a1f57bd3d8aa5442e168"}
,"C:\\Users\\Admin\\Desktop\\Microverse projects\\JS\\domefirst\\src\\components\\local-storage.js": {"path":"C:\\Users\\Admin\\Desktop\\Microverse projects\\JS\\domefirst\\src\\components\\local-storage.js","statementMap":{"0":{"start":{"line":3,"column":14},"end":{"line":75,"column":4}},"1":{"start":{"line":4,"column":27},"end":{"line":11,"column":3}},"2":{"start":{"line":5,"column":4},"end":{"line":9,"column":5}},"3":{"start":{"line":6,"column":6},"end":{"line":6,"column":22}},"4":{"start":{"line":8,"column":6},"end":{"line":8,"column":66}},"5":{"start":{"line":10,"column":4},"end":{"line":10,"column":22}},"6":{"start":{"line":13,"column":30},"end":{"line":20,"column":3}},"7":{"start":{"line":14,"column":4},"end":{"line":18,"column":5}},"8":{"start":{"line":15,"column":6},"end":{"line":15,"column":25}},"9":{"start":{"line":17,"column":6},"end":{"line":17,"column":72}},"10":{"start":{"line":19,"column":4},"end":{"line":19,"column":25}},"11":{"start":{"line":22,"column":25},"end":{"line":27,"column":3}},"12":{"start":{"line":23,"column":4},"end":{"line":23,"column":42}},"13":{"start":{"line":24,"column":4},"end":{"line":24,"column":26}},"14":{"start":{"line":26,"column":4},"end":{"line":26,"column":67}},"15":{"start":{"line":29,"column":28},"end":{"line":33,"column":3}},"16":{"start":{"line":30,"column":4},"end":{"line":30,"column":48}},"17":{"start":{"line":31,"column":4},"end":{"line":31,"column":32}},"18":{"start":{"line":32,"column":4},"end":{"line":32,"column":73}},"19":{"start":{"line":35,"column":30},"end":{"line":43,"column":3}},"20":{"start":{"line":36,"column":4},"end":{"line":36,"column":42}},"21":{"start":{"line":37,"column":4},"end":{"line":41,"column":7}},"22":{"start":{"line":38,"column":6},"end":{"line":40,"column":7}},"23":{"start":{"line":39,"column":8},"end":{"line":39,"column":55}},"24":{"start":{"line":42,"column":4},"end":{"line":42,"column":67}},"25":{"start":{"line":45,"column":33},"end":{"line":53,"column":3}},"26":{"start":{"line":46,"column":4},"end":{"line":46,"column":48}},"27":{"start":{"line":47,"column":4},"end":{"line":51,"column":7}},"28":{"start":{"line":48,"column":6},"end":{"line":50,"column":7}},"29":{"start":{"line":49,"column":8},"end":{"line":49,"column":39}},"30":{"start":{"line":52,"column":4},"end":{"line":52,"column":73}},"31":{"start":{"line":55,"column":28},"end":{"line":64,"column":3}},"32":{"start":{"line":56,"column":4},"end":{"line":56,"column":42}},"33":{"start":{"line":57,"column":4},"end":{"line":61,"column":7}},"34":{"start":{"line":58,"column":6},"end":{"line":60,"column":7}},"35":{"start":{"line":59,"column":8},"end":{"line":59,"column":45}},"36":{"start":{"line":63,"column":4},"end":{"line":63,"column":67}},"37":{"start":{"line":66,"column":2},"end":{"line":74,"column":4}}},"fnMap":{"0":{"name":"(anonymous_0)","decl":{"start":{"line":3,"column":15},"end":{"line":3,"column":16}},"loc":{"start":{"line":3,"column":21},"end":{"line":75,"column":1}},"line":3},"1":{"name":"(anonymous_1)","decl":{"start":{"line":4,"column":27},"end":{"line":4,"column":28}},"loc":{"start":{"line":4,"column":33},"end":{"line":11,"column":3}},"line":4},"2":{"name":"(anonymous_2)","decl":{"start":{"line":13,"column":30},"end":{"line":13,"column":31}},"loc":{"start":{"line":13,"column":36},"end":{"line":20,"column":3}},"line":13},"3":{"name":"(anonymous_3)","decl":{"start":{"line":22,"column":25},"end":{"line":22,"column":26}},"loc":{"start":{"line":22,"column":35},"end":{"line":27,"column":3}},"line":22},"4":{"name":"(anonymous_4)","decl":{"start":{"line":29,"column":28},"end":{"line":29,"column":29}},"loc":{"start":{"line":29,"column":41},"end":{"line":33,"column":3}},"line":29},"5":{"name":"(anonymous_5)","decl":{"start":{"line":35,"column":30},"end":{"line":35,"column":31}},"loc":{"start":{"line":35,"column":41},"end":{"line":43,"column":3}},"line":35},"6":{"name":"(anonymous_6)","decl":{"start":{"line":37,"column":23},"end":{"line":37,"column":24}},"loc":{"start":{"line":37,"column":33},"end":{"line":41,"column":5}},"line":37},"7":{"name":"(anonymous_7)","decl":{"start":{"line":45,"column":33},"end":{"line":45,"column":34}},"loc":{"start":{"line":45,"column":44},"end":{"line":53,"column":3}},"line":45},"8":{"name":"(anonymous_8)","decl":{"start":{"line":47,"column":26},"end":{"line":47,"column":27}},"loc":{"start":{"line":47,"column":46},"end":{"line":51,"column":5}},"line":47},"9":{"name":"(anonymous_9)","decl":{"start":{"line":55,"column":28},"end":{"line":55,"column":29}},"loc":{"start":{"line":55,"column":50},"end":{"line":64,"column":3}},"line":55},"10":{"name":"(anonymous_10)","decl":{"start":{"line":57,"column":23},"end":{"line":57,"column":24}},"loc":{"start":{"line":57,"column":40},"end":{"line":61,"column":5}},"line":57}},"branchMap":{"0":{"loc":{"start":{"line":5,"column":4},"end":{"line":9,"column":5}},"type":"if","locations":[{"start":{"line":5,"column":4},"end":{"line":9,"column":5}},{"start":{"line":5,"column":4},"end":{"line":9,"column":5}}],"line":5},"1":{"loc":{"start":{"line":14,"column":4},"end":{"line":18,"column":5}},"type":"if","locations":[{"start":{"line":14,"column":4},"end":{"line":18,"column":5}},{"start":{"line":14,"column":4},"end":{"line":18,"column":5}}],"line":14},"2":{"loc":{"start":{"line":38,"column":6},"end":{"line":40,"column":7}},"type":"if","locations":[{"start":{"line":38,"column":6},"end":{"line":40,"column":7}},{"start":{"line":38,"column":6},"end":{"line":40,"column":7}}],"line":38},"3":{"loc":{"start":{"line":48,"column":6},"end":{"line":50,"column":7}},"type":"if","locations":[{"start":{"line":48,"column":6},"end":{"line":50,"column":7}},{"start":{"line":48,"column":6},"end":{"line":50,"column":7}}],"line":48},"4":{"loc":{"start":{"line":58,"column":6},"end":{"line":60,"column":7}},"type":"if","locations":[{"start":{"line":58,"column":6},"end":{"line":60,"column":7}},{"start":{"line":58,"column":6},"end":{"line":60,"column":7}}],"line":58}},"s":{"0":3,"1":3,"2":1,"3":1,"4":0,"5":1,"6":3,"7":0,"8":0,"9":0,"10":0,"11":3,"12":0,"13":0,"14":0,"15":3,"16":0,"17":0,"18":0,"19":3,"20":0,"21":0,"22":0,"23":0,"24":0,"25":3,"26":0,"27":0,"28":0,"29":0,"30":0,"31":3,"32":0,"33":0,"34":0,"35":0,"36":0,"37":3},"f":{"0":3,"1":1,"2":0,"3":0,"4":0,"5":0,"6":0,"7":0,"8":0,"9":0,"10":0},"b":{"0":[1,0],"1":[0,0],"2":[0,0],"3":[0,0],"4":[0,0]},"_coverageSchema":"1a1c01bbd47fc00a2c39e90264f33305004495a9","hash":"06d29ed3ea7650bc758d7e86e2589d14ed758bc1"}
,"C:\\Users\\Admin\\Desktop\\Microverse projects\\JS\\domefirst\\src\\components\\populate-dom.js": {"path":"C:\\Users\\Admin\\Desktop\\Microverse projects\\JS\\domefirst\\src\\components\\populate-dom.js","statementMap":{"0":{"start":{"line":4,"column":29},"end":{"line":35,"column":1}},"1":{"start":{"line":5,"column":2},"end":{"line":34,"column":5}},"2":{"start":{"line":6,"column":4},"end":{"line":8,"column":5}},"3":{"start":{"line":7,"column":6},"end":{"line":7,"column":62}},"4":{"start":{"line":9,"column":4},"end":{"line":33,"column":7}},"5":{"start":{"line":10,"column":6},"end":{"line":32,"column":7}},"6":{"start":{"line":11,"column":24},"end":{"line":11,"column":52}},"7":{"start":{"line":12,"column":22},"end":{"line":12,"column":52}},"8":{"start":{"line":13,"column":8},"end":{"line":13,"column":78}},"9":{"start":{"line":14,"column":22},"end":{"line":14,"column":49}},"10":{"start":{"line":15,"column":8},"end":{"line":15,"column":78}},"11":{"start":{"line":16,"column":26},"end":{"line":16,"column":53}},"12":{"start":{"line":17,"column":8},"end":{"line":17,"column":71}},"13":{"start":{"line":18,"column":21},"end":{"line":18,"column":48}},"14":{"start":{"line":19,"column":8},"end":{"line":19,"column":65}},"15":{"start":{"line":20,"column":8},"end":{"line":20,"column":48}},"16":{"start":{"line":21,"column":8},"end":{"line":21,"column":45}},"17":{"start":{"line":22,"column":8},"end":{"line":22,"column":51}},"18":{"start":{"line":23,"column":8},"end":{"line":26,"column":10}},"19":{"start":{"line":27,"column":8},"end":{"line":27,"column":32}},"20":{"start":{"line":28,"column":8},"end":{"line":28,"column":33}},"21":{"start":{"line":29,"column":8},"end":{"line":29,"column":37}},"22":{"start":{"line":30,"column":8},"end":{"line":30,"column":35}},"23":{"start":{"line":31,"column":8},"end":{"line":31,"column":45}},"24":{"start":{"line":37,"column":20},"end":{"line":97,"column":1}},"25":{"start":{"line":38,"column":2},"end":{"line":40,"column":3}},"26":{"start":{"line":39,"column":4},"end":{"line":39,"column":60}},"27":{"start":{"line":42,"column":2},"end":{"line":64,"column":5}},"28":{"start":{"line":43,"column":20},"end":{"line":43,"column":48}},"29":{"start":{"line":44,"column":18},"end":{"line":44,"column":48}},"30":{"start":{"line":45,"column":4},"end":{"line":45,"column":74}},"31":{"start":{"line":46,"column":18},"end":{"line":46,"column":45}},"32":{"start":{"line":47,"column":4},"end":{"line":47,"column":74}},"33":{"start":{"line":48,"column":22},"end":{"line":48,"column":49}},"34":{"start":{"line":49,"column":4},"end":{"line":49,"column":67}},"35":{"start":{"line":50,"column":17},"end":{"line":50,"column":44}},"36":{"start":{"line":51,"column":4},"end":{"line":51,"column":61}},"37":{"start":{"line":52,"column":4},"end":{"line":52,"column":44}},"38":{"start":{"line":53,"column":4},"end":{"line":53,"column":41}},"39":{"start":{"line":54,"column":4},"end":{"line":54,"column":47}},"40":{"start":{"line":55,"column":4},"end":{"line":58,"column":6}},"41":{"start":{"line":59,"column":4},"end":{"line":59,"column":28}},"42":{"start":{"line":60,"column":4},"end":{"line":60,"column":29}},"43":{"start":{"line":61,"column":4},"end":{"line":61,"column":33}},"44":{"start":{"line":62,"column":4},"end":{"line":62,"column":31}},"45":{"start":{"line":63,"column":4},"end":{"line":63,"column":41}},"46":{"start":{"line":66,"column":2},"end":{"line":68,"column":3}},"47":{"start":{"line":67,"column":4},"end":{"line":67,"column":62}},"48":{"start":{"line":70,"column":2},"end":{"line":72,"column":3}},"49":{"start":{"line":71,"column":4},"end":{"line":71,"column":58}},"50":{"start":{"line":74,"column":2},"end":{"line":93,"column":5}},"51":{"start":{"line":75,"column":4},"end":{"line":75,"column":49}},"52":{"start":{"line":76,"column":4},"end":{"line":76,"column":54}},"53":{"start":{"line":77,"column":4},"end":{"line":77,"column":52}},"54":{"start":{"line":78,"column":4},"end":{"line":81,"column":6}},"55":{"start":{"line":82,"column":4},"end":{"line":82,"column":56}},"56":{"start":{"line":83,"column":4},"end":{"line":83,"column":46}},"57":{"start":{"line":84,"column":4},"end":{"line":88,"column":5}},"58":{"start":{"line":85,"column":24},"end":{"line":85,"column":51}},"59":{"start":{"line":86,"column":6},"end":{"line":86,"column":69}},"60":{"start":{"line":87,"column":6},"end":{"line":87,"column":43}},"61":{"start":{"line":89,"column":4},"end":{"line":89,"column":47}},"62":{"start":{"line":90,"column":4},"end":{"line":90,"column":46}},"63":{"start":{"line":91,"column":4},"end":{"line":91,"column":49}},"64":{"start":{"line":92,"column":4},"end":{"line":92,"column":75}},"65":{"start":{"line":94,"column":2},"end":{"line":94,"column":25}},"66":{"start":{"line":96,"column":2},"end":{"line":96,"column":27}},"67":{"start":{"line":99,"column":18},"end":{"line":103,"column":1}},"68":{"start":{"line":100,"column":2},"end":{"line":100,"column":26}},"69":{"start":{"line":101,"column":2},"end":{"line":101,"column":25}},"70":{"start":{"line":102,"column":2},"end":{"line":102,"column":25}}},"fnMap":{"0":{"name":"(anonymous_0)","decl":{"start":{"line":4,"column":29},"end":{"line":4,"column":30}},"loc":{"start":{"line":4,"column":35},"end":{"line":35,"column":1}},"line":4},"1":{"name":"(anonymous_1)","decl":{"start":{"line":5,"column":43},"end":{"line":5,"column":44}},"loc":{"start":{"line":5,"column":50},"end":{"line":34,"column":3}},"line":5},"2":{"name":"(anonymous_2)","decl":{"start":{"line":9,"column":37},"end":{"line":9,"column":38}},"loc":{"start":{"line":9,"column":47},"end":{"line":33,"column":5}},"line":9},"3":{"name":"(anonymous_3)","decl":{"start":{"line":37,"column":20},"end":{"line":37,"column":21}},"loc":{"start":{"line":37,"column":26},"end":{"line":97,"column":1}},"line":37},"4":{"name":"(anonymous_4)","decl":{"start":{"line":42,"column":47},"end":{"line":42,"column":48}},"loc":{"start":{"line":42,"column":57},"end":{"line":64,"column":3}},"line":42},"5":{"name":"(anonymous_5)","decl":{"start":{"line":74,"column":50},"end":{"line":74,"column":51}},"loc":{"start":{"line":74,"column":63},"end":{"line":93,"column":3}},"line":74},"6":{"name":"(anonymous_6)","decl":{"start":{"line":99,"column":18},"end":{"line":99,"column":19}},"loc":{"start":{"line":99,"column":24},"end":{"line":103,"column":1}},"line":99}},"branchMap":{"0":{"loc":{"start":{"line":10,"column":6},"end":{"line":32,"column":7}},"type":"if","locations":[{"start":{"line":10,"column":6},"end":{"line":32,"column":7}},{"start":{"line":10,"column":6},"end":{"line":32,"column":7}}],"line":10},"1":{"loc":{"start":{"line":84,"column":4},"end":{"line":88,"column":5}},"type":"if","locations":[{"start":{"line":84,"column":4},"end":{"line":88,"column":5}},{"start":{"line":84,"column":4},"end":{"line":88,"column":5}}],"line":84}},"s":{"0":2,"1":0,"2":0,"3":0,"4":0,"5":0,"6":0,"7":0,"8":0,"9":0,"10":0,"11":0,"12":0,"13":0,"14":0,"15":0,"16":0,"17":0,"18":0,"19":0,"20":0,"21":0,"22":0,"23":0,"24":2,"25":1,"26":0,"27":0,"28":0,"29":0,"30":0,"31":0,"32":0,"33":0,"34":0,"35":0,"36":0,"37":0,"38":0,"39":0,"40":0,"41":0,"42":0,"43":0,"44":0,"45":0,"46":0,"47":0,"48":0,"49":0,"50":0,"51":0,"52":0,"53":0,"54":0,"55":0,"56":0,"57":0,"58":0,"59":0,"60":0,"61":0,"62":0,"63":0,"64":0,"65":0,"66":0,"67":2,"68":0,"69":0,"70":0},"f":{"0":0,"1":0,"2":0,"3":1,"4":0,"5":0,"6":0},"b":{"0":[0,0],"1":[0,0]},"_coverageSchema":"1a1c01bbd47fc00a2c39e90264f33305004495a9","hash":"36689ce37ddd147ef4f1c66e816c92eabdd806b2"}
,"C:\\Users\\Admin\\Desktop\\Microverse projects\\JS\\domefirst\\src\\components\\project-logic.js": {"path":"C:\\Users\\Admin\\Desktop\\Microverse projects\\JS\\domefirst\\src\\components\\project-logic.js","statementMap":{"0":{"start":{"line":7,"column":4},"end":{"line":7,"column":23}},"1":{"start":{"line":11,"column":29},"end":{"line":26,"column":1}},"2":{"start":{"line":12,"column":2},"end":{"line":25,"column":3}},"3":{"start":{"line":13,"column":29},"end":{"line":13,"column":56}},"4":{"start":{"line":14,"column":4},"end":{"line":14,"column":39}},"5":{"start":{"line":16,"column":4},"end":{"line":16,"column":46}},"6":{"start":{"line":17,"column":23},"end":{"line":17,"column":55}},"7":{"start":{"line":18,"column":4},"end":{"line":18,"column":59}},"8":{"start":{"line":19,"column":4},"end":{"line":19,"column":65}},"9":{"start":{"line":20,"column":4},"end":{"line":20,"column":45}},"10":{"start":{"line":21,"column":4},"end":{"line":23,"column":29}},"11":{"start":{"line":24,"column":4},"end":{"line":24,"column":18}},"12":{"start":{"line":28,"column":20},"end":{"line":63,"column":1}},"13":{"start":{"line":29,"column":25},"end":{"line":29,"column":65}},"14":{"start":{"line":30,"column":2},"end":{"line":62,"column":5}},"15":{"start":{"line":31,"column":4},"end":{"line":61,"column":5}},"16":{"start":{"line":32,"column":20},"end":{"line":32,"column":49}},"17":{"start":{"line":33,"column":6},"end":{"line":33,"column":56}},"18":{"start":{"line":34,"column":6},"end":{"line":34,"column":40}},"19":{"start":{"line":35,"column":6},"end":{"line":38,"column":8}},"20":{"start":{"line":39,"column":6},"end":{"line":39,"column":36}},"21":{"start":{"line":40,"column":6},"end":{"line":40,"column":72}},"22":{"start":{"line":40,"column":23},"end":{"line":40,"column":64}},"23":{"start":{"line":41,"column":11},"end":{"line":61,"column":5}},"24":{"start":{"line":44,"column":27},"end":{"line":44,"column":69}},"25":{"start":{"line":46,"column":20},"end":{"line":46,"column":49}},"26":{"start":{"line":47,"column":6},"end":{"line":47,"column":92}},"27":{"start":{"line":48,"column":6},"end":{"line":48,"column":40}},"28":{"start":{"line":49,"column":6},"end":{"line":52,"column":8}},"29":{"start":{"line":53,"column":6},"end":{"line":53,"column":36}},"30":{"start":{"line":54,"column":6},"end":{"line":54,"column":72}},"31":{"start":{"line":54,"column":23},"end":{"line":54,"column":64}},"32":{"start":{"line":56,"column":27},"end":{"line":56,"column":64}},"33":{"start":{"line":57,"column":6},"end":{"line":57,"column":37}},"34":{"start":{"line":58,"column":6},"end":{"line":58,"column":44}},"35":{"start":{"line":59,"column":6},"end":{"line":59,"column":20}},"36":{"start":{"line":60,"column":6},"end":{"line":60,"column":29}},"37":{"start":{"line":65,"column":22},"end":{"line":83,"column":1}},"38":{"start":{"line":66,"column":2},"end":{"line":82,"column":5}},"39":{"start":{"line":67,"column":4},"end":{"line":81,"column":5}},"40":{"start":{"line":68,"column":6},"end":{"line":68,"column":71}},"41":{"start":{"line":69,"column":6},"end":{"line":74,"column":9}},"42":{"start":{"line":70,"column":8},"end":{"line":73,"column":9}},"43":{"start":{"line":71,"column":10},"end":{"line":71,"column":79}},"44":{"start":{"line":72,"column":10},"end":{"line":72,"column":52}},"45":{"start":{"line":75,"column":6},"end":{"line":75,"column":38}},"46":{"start":{"line":76,"column":6},"end":{"line":80,"column":9}},"47":{"start":{"line":77,"column":8},"end":{"line":79,"column":9}},"48":{"start":{"line":78,"column":10},"end":{"line":78,"column":26}}},"fnMap":{"0":{"name":"(anonymous_0)","decl":{"start":{"line":6,"column":2},"end":{"line":6,"column":3}},"loc":{"start":{"line":6,"column":21},"end":{"line":8,"column":3}},"line":6},"1":{"name":"(anonymous_1)","decl":{"start":{"line":11,"column":29},"end":{"line":11,"column":30}},"loc":{"start":{"line":11,"column":35},"end":{"line":26,"column":1}},"line":11},"2":{"name":"(anonymous_2)","decl":{"start":{"line":28,"column":20},"end":{"line":28,"column":21}},"loc":{"start":{"line":28,"column":26},"end":{"line":63,"column":1}},"line":28},"3":{"name":"(anonymous_3)","decl":{"start":{"line":30,"column":49},"end":{"line":30,"column":50}},"loc":{"start":{"line":30,"column":55},"end":{"line":62,"column":3}},"line":30},"4":{"name":"(anonymous_4)","decl":{"start":{"line":40,"column":17},"end":{"line":40,"column":18}},"loc":{"start":{"line":40,"column":23},"end":{"line":40,"column":64}},"line":40},"5":{"name":"(anonymous_5)","decl":{"start":{"line":44,"column":14},"end":{"line":44,"column":15}},"loc":{"start":{"line":44,"column":27},"end":{"line":44,"column":69}},"line":44},"6":{"name":"(anonymous_6)","decl":{"start":{"line":54,"column":17},"end":{"line":54,"column":18}},"loc":{"start":{"line":54,"column":23},"end":{"line":54,"column":64}},"line":54},"7":{"name":"(anonymous_7)","decl":{"start":{"line":65,"column":22},"end":{"line":65,"column":23}},"loc":{"start":{"line":65,"column":28},"end":{"line":83,"column":1}},"line":65},"8":{"name":"(anonymous_8)","decl":{"start":{"line":66,"column":43},"end":{"line":66,"column":44}},"loc":{"start":{"line":66,"column":50},"end":{"line":82,"column":3}},"line":66},"9":{"name":"(anonymous_9)","decl":{"start":{"line":69,"column":39},"end":{"line":69,"column":40}},"loc":{"start":{"line":69,"column":49},"end":{"line":74,"column":7}},"line":69},"10":{"name":"(anonymous_10)","decl":{"start":{"line":76,"column":42},"end":{"line":76,"column":43}},"loc":{"start":{"line":76,"column":54},"end":{"line":80,"column":7}},"line":76}},"branchMap":{"0":{"loc":{"start":{"line":12,"column":2},"end":{"line":25,"column":3}},"type":"if","locations":[{"start":{"line":12,"column":2},"end":{"line":25,"column":3}},{"start":{"line":12,"column":2},"end":{"line":25,"column":3}}],"line":12},"1":{"loc":{"start":{"line":31,"column":4},"end":{"line":61,"column":5}},"type":"if","locations":[{"start":{"line":31,"column":4},"end":{"line":61,"column":5}},{"start":{"line":31,"column":4},"end":{"line":61,"column":5}}],"line":31},"2":{"loc":{"start":{"line":41,"column":11},"end":{"line":61,"column":5}},"type":"if","locations":[{"start":{"line":41,"column":11},"end":{"line":61,"column":5}},{"start":{"line":41,"column":11},"end":{"line":61,"column":5}}],"line":41},"3":{"loc":{"start":{"line":67,"column":4},"end":{"line":81,"column":5}},"type":"if","locations":[{"start":{"line":67,"column":4},"end":{"line":81,"column":5}},{"start":{"line":67,"column":4},"end":{"line":81,"column":5}}],"line":67},"4":{"loc":{"start":{"line":70,"column":8},"end":{"line":73,"column":9}},"type":"if","locations":[{"start":{"line":70,"column":8},"end":{"line":73,"column":9}},{"start":{"line":70,"column":8},"end":{"line":73,"column":9}}],"line":70},"5":{"loc":{"start":{"line":77,"column":8},"end":{"line":79,"column":9}},"type":"if","locations":[{"start":{"line":77,"column":8},"end":{"line":79,"column":9}},{"start":{"line":77,"column":8},"end":{"line":79,"column":9}}],"line":77}},"s":{"0":0,"1":1,"2":0,"3":0,"4":0,"5":0,"6":0,"7":0,"8":0,"9":0,"10":0,"11":0,"12":1,"13":0,"14":0,"15":0,"16":0,"17":0,"18":0,"19":0,"20":0,"21":0,"22":0,"23":0,"24":0,"25":0,"26":0,"27":0,"28":0,"29":0,"30":0,"31":0,"32":0,"33":0,"34":0,"35":0,"36":0,"37":1,"38":0,"39":0,"40":0,"41":0,"42":0,"43":0,"44":0,"45":0,"46":0,"47":0,"48":0},"f":{"0":0,"1":0,"2":0,"3":0,"4":0,"5":0,"6":0,"7":0,"8":0,"9":0,"10":0},"b":{"0":[0,0],"1":[0,0],"2":[0,0],"3":[0,0],"4":[0,0],"5":[0,0]},"_coverageSchema":"1a1c01bbd47fc00a2c39e90264f33305004495a9","hash":"757887e10ffe9a1d625239f312d773357180de0b"}
}
