TN:
SF:src/mocks.js
FN:2,(anonymous_0)
FN:5,(anonymous_1)
FN:6,(anonymous_2)
FN:7,(anonymous_3)
FN:8,(anonymous_4)
FNF:5
FNH:3
FNDA:1,(anonymous_0)
FNDA:2,(anonymous_1)
FNDA:0,(anonymous_2)
FNDA:3,(anonymous_3)
FNDA:0,(anonymous_4)
DA:3,1
DA:5,2
DA:6,0
DA:7,3
DA:8,0
LF:5
LH:3
BRF:0
BRH:0
end_of_record
TN:
SF:src/components/dom-elements.js
FN:43,(anonymous_0)
FNF:1
FNH:1
FNDA:16,(anonymous_0)
DA:1,4
DA:2,4
DA:3,4
DA:4,4
DA:5,4
DA:6,4
DA:7,4
DA:8,4
DA:9,4
DA:10,4
DA:11,4
DA:12,4
DA:13,4
DA:14,4
DA:15,4
DA:16,4
DA:17,4
DA:20,4
DA:21,4
DA:22,4
DA:23,4
DA:27,4
DA:32,4
DA:33,4
DA:34,4
DA:35,4
DA:36,4
DA:37,4
DA:38,4
DA:39,4
DA:40,4
DA:41,4
DA:42,4
DA:43,4
DA:44,16
DA:45,16
DA:46,16
DA:47,16
DA:49,4
DA:50,4
DA:51,4
LF:41
LH:41
BRF:0
BRH:0
end_of_record
TN:
SF:src/components/local-storage.js
FN:3,(anonymous_0)
FN:4,(anonymous_1)
FN:13,(anonymous_2)
FN:22,(anonymous_3)
FN:29,(anonymous_4)
FN:35,(anonymous_5)
FN:37,(anonymous_6)
FN:45,(anonymous_7)
FN:47,(anonymous_8)
FN:55,(anonymous_9)
FN:57,(anonymous_10)
FNF:11
FNH:3
FNDA:4,(anonymous_0)
FNDA:1,(anonymous_1)
FNDA:2,(anonymous_2)
FNDA:0,(anonymous_3)
FNDA:0,(anonymous_4)
FNDA:0,(anonymous_5)
FNDA:0,(anonymous_6)
FNDA:0,(anonymous_7)
FNDA:0,(anonymous_8)
FNDA:0,(anonymous_9)
FNDA:0,(anonymous_10)
DA:3,4
DA:4,4
DA:5,1
DA:6,1
DA:8,0
DA:10,1
DA:13,4
DA:14,2
DA:15,2
DA:17,0
DA:19,2
DA:22,4
DA:23,0
DA:24,0
DA:26,0
DA:29,4
DA:30,0
DA:31,0
DA:32,0
DA:35,4
DA:36,0
DA:37,0
DA:38,0
DA:39,0
DA:42,0
DA:45,4
DA:46,0
DA:47,0
DA:48,0
DA:49,0
DA:52,0
DA:55,4
DA:56,0
DA:57,0
DA:58,0
DA:59,0
DA:63,0
DA:66,4
LF:38
LH:15
BRDA:5,0,0,1
BRDA:5,0,1,0
BRDA:14,1,0,2
BRDA:14,1,1,0
BRDA:38,2,0,0
BRDA:38,2,1,0
BRDA:48,3,0,0
BRDA:48,3,1,0
BRDA:58,4,0,0
BRDA:58,4,1,0
BRF:10
BRH:2
end_of_record
TN:
SF:src/components/populate-dom.js
FN:4,(anonymous_0)
FN:6,(anonymous_1)
FN:10,(anonymous_2)
FN:39,(anonymous_3)
FN:45,(anonymous_4)
FN:81,(anonymous_5)
FN:105,(anonymous_6)
FNF:7
FNH:2
FNDA:3,(anonymous_0)
FNDA:0,(anonymous_1)
FNDA:0,(anonymous_2)
FNDA:2,(anonymous_3)
FNDA:0,(anonymous_4)
FNDA:0,(anonymous_5)
FNDA:0,(anonymous_6)
DA:4,3
DA:5,3
DA:6,0
DA:7,0
DA:8,0
DA:10,0
DA:11,0
DA:12,0
DA:13,0
DA:14,0
DA:15,0
DA:16,0
DA:17,0
DA:18,0
DA:19,0
DA:20,0
DA:21,0
DA:22,0
DA:23,0
DA:24,0
DA:28,0
DA:29,0
DA:30,0
DA:31,0
DA:32,0
DA:39,3
DA:40,2
DA:41,0
DA:42,0
DA:45,0
DA:46,0
DA:47,0
DA:48,0
DA:49,0
DA:50,0
DA:51,0
DA:52,0
DA:53,0
DA:54,0
DA:55,0
DA:56,0
DA:57,0
DA:58,0
DA:62,0
DA:63,0
DA:64,0
DA:65,0
DA:66,0
DA:69,2
DA:70,0
DA:71,0
DA:75,2
DA:76,0
DA:77,0
DA:81,2
DA:82,0
DA:83,0
DA:84,0
DA:85,0
DA:89,0
DA:90,0
DA:91,0
DA:92,0
DA:93,0
DA:94,0
DA:96,0
DA:97,0
DA:98,0
DA:99,0
DA:101,2
DA:102,2
DA:105,3
DA:106,0
DA:107,0
DA:108,0
LF:75
LH:10
BRDA:5,0,0,0
BRDA:5,0,1,3
BRDA:11,1,0,0
BRDA:11,1,1,0
BRDA:40,2,0,0
BRDA:40,2,1,2
BRDA:69,3,0,0
BRDA:69,3,1,2
BRDA:75,4,0,0
BRDA:75,4,1,2
BRDA:91,5,0,0
BRDA:91,5,1,0
BRF:12
BRH:4
end_of_record
TN:
SF:src/components/project-logic.js
FN:6,(anonymous_0)
FN:11,(anonymous_1)
FN:28,(anonymous_2)
FN:30,(anonymous_3)
FN:40,(anonymous_4)
FN:44,(anonymous_5)
FN:54,(anonymous_6)
FN:65,(anonymous_7)
FN:66,(anonymous_8)
FN:69,(anonymous_9)
FN:76,(anonymous_10)
FNF:11
FNH:1
FNDA:2,(anonymous_0)
FNDA:0,(anonymous_1)
FNDA:0,(anonymous_2)
FNDA:0,(anonymous_3)
FNDA:0,(anonymous_4)
FNDA:0,(anonymous_5)
FNDA:0,(anonymous_6)
FNDA:0,(anonymous_7)
FNDA:0,(anonymous_8)
FNDA:0,(anonymous_9)
FNDA:0,(anonymous_10)
DA:7,2
DA:11,2
DA:12,0
DA:13,0
DA:14,0
DA:16,0
DA:17,0
DA:18,0
DA:19,0
DA:20,0
DA:21,0
DA:24,0
DA:28,2
DA:29,0
DA:30,0
DA:31,0
DA:32,0
DA:33,0
DA:34,0
DA:35,0
DA:39,0
DA:40,0
DA:41,0
DA:44,0
DA:46,0
DA:47,0
DA:48,0
DA:49,0
DA:53,0
DA:54,0
DA:56,0
DA:57,0
DA:58,0
DA:59,0
DA:60,0
DA:65,2
DA:66,0
DA:67,0
DA:68,0
DA:69,0
DA:70,0
DA:71,0
DA:72,0
DA:75,0
DA:76,0
DA:77,0
DA:78,0
LF:47
LH:4
BRDA:12,0,0,0
BRDA:12,0,1,0
BRDA:31,1,0,0
BRDA:31,1,1,0
BRDA:41,2,0,0
BRDA:41,2,1,0
BRDA:67,3,0,0
BRDA:67,3,1,0
BRDA:70,4,0,0
BRDA:70,4,1,0
BRDA:77,5,0,0
BRDA:77,5,1,0
BRF:12
BRH:0
end_of_record
TN:
SF:src/components/todo-logic.js
FN:6,(anonymous_0)
FN:8,(anonymous_1)
FN:17,(anonymous_2)
FN:19,(anonymous_3)
FN:29,(anonymous_4)
FN:38,(anonymous_5)
FN:40,(anonymous_6)
FN:45,(anonymous_7)
FN:55,(anonymous_8)
FN:83,(anonymous_9)
FN:84,(anonymous_10)
FN:86,(anonymous_11)
FN:106,(anonymous_12)
FN:132,(anonymous_13)
FN:133,(anonymous_14)
FN:138,(anonymous_15)
FN:148,(anonymous_16)
FN:158,(anonymous_17)
FN:176,(anonymous_18)
FN:177,(anonymous_19)
FNF:20
FNH:3
FNDA:1,(anonymous_0)
FNDA:0,(anonymous_1)
FNDA:1,(anonymous_2)
FNDA:0,(anonymous_3)
FNDA:1,(anonymous_4)
FNDA:0,(anonymous_5)
FNDA:0,(anonymous_6)
FNDA:0,(anonymous_7)
FNDA:0,(anonymous_8)
FNDA:0,(anonymous_9)
FNDA:0,(anonymous_10)
FNDA:0,(anonymous_11)
FNDA:0,(anonymous_12)
FNDA:0,(anonymous_13)
FNDA:0,(anonymous_14)
FNDA:0,(anonymous_15)
FNDA:0,(anonymous_16)
FNDA:0,(anonymous_17)
FNDA:0,(anonymous_18)
FNDA:0,(anonymous_19)
DA:6,1
DA:7,1
DA:8,0
DA:9,0
DA:12,1
DA:15,1
DA:17,1
DA:18,1
DA:19,0
DA:20,0
DA:23,1
DA:26,1
DA:30,1
DA:31,1
DA:32,1
DA:33,1
DA:34,1
DA:38,1
DA:39,0
DA:40,0
DA:41,0
DA:42,0
DA:43,0
DA:44,0
DA:45,0
DA:46,0
DA:49,0
DA:55,0
DA:56,0
DA:57,0
DA:61,0
DA:62,0
DA:63,0
DA:68,0
DA:69,0
DA:70,0
DA:71,0
DA:73,0
DA:74,0
DA:77,0
DA:83,1
DA:84,0
DA:85,0
DA:86,0
DA:87,0
DA:88,0
DA:89,0
DA:90,0
DA:92,0
DA:93,0
DA:94,0
DA:97,0
DA:99,0
DA:100,0
DA:101,0
DA:102,0
DA:103,0
DA:104,0
DA:106,0
DA:107,0
DA:108,0
DA:115,0
DA:116,0
DA:117,0
DA:118,0
DA:119,0
DA:122,0
DA:124,0
DA:125,0
DA:132,1
DA:133,0
DA:134,0
DA:135,0
DA:138,0
DA:140,0
DA:141,0
DA:142,0
DA:143,0
DA:147,0
DA:148,0
DA:149,0
DA:150,0
DA:151,0
DA:152,0
DA:153,0
DA:157,0
DA:158,0
DA:160,0
DA:167,0
DA:168,0
DA:169,0
DA:171,0
DA:172,0
DA:176,1
DA:177,0
DA:178,0
DA:179,0
DA:180,0
DA:181,0
DA:182,0
LF:100
LH:17
BRDA:7,0,0,0
BRDA:7,0,1,1
BRDA:18,1,0,0
BRDA:18,1,1,1
BRDA:39,2,0,0
BRDA:39,2,1,0
BRDA:43,3,0,0
BRDA:43,3,1,0
BRDA:46,4,0,0
BRDA:46,4,1,0
BRDA:70,5,0,0
BRDA:70,5,1,0
BRDA:87,6,0,0
BRDA:87,6,1,0
BRDA:99,7,0,0
BRDA:99,7,1,0
BRDA:135,8,0,0
BRDA:135,8,1,0
BRDA:149,9,0,0
BRDA:149,9,1,0
BRDA:149,10,0,0
BRDA:149,10,1,0
BRDA:180,11,0,0
BRDA:180,11,1,0
BRF:24
BRH:2
end_of_record
